PRT1
224
507
4 0 7 (8560.951172 6144 512 ) (8560.951172 6144 5154.129883 ) (8448 6144 5154.129883 ) (8448 6144 512 ) 
4 0 2 (8448 6336 512 ) (8448 6208 512 ) (8448 6208 5154.129883 ) (8448 6336 5154.129883 ) 
4 0 1 (8448 6343.110352 5154.129883 ) (8448 6343.110352 512 ) (8448 6336 512 ) (8448 6336 5154.129883 ) 
4 0 3 (8448 6208 512 ) (8448 6144 512 ) (8448 6144 5154.129883 ) (8448 6208 5154.129883 ) 
4 1 4 (8192 6336 5154.129883 ) (8192 6343.110352 5154.129883 ) (8192 6343.110352 192 ) (8192 6336 192 ) 
4 1 2 (8448 6336 512 ) (8448 6336 5154.129883 ) (8192 6336 5154.129883 ) (8192 6336 512 ) 
4 2 5 (8192 6208 5154.129883 ) (8192 6336 5154.129883 ) (8192 6336 512 ) (8192 6208 512 ) 
4 2 3 (8448 6208 512 ) (8448 6208 5154.129883 ) (8192 6208 5154.129883 ) (8192 6208 512 ) 
4 3 8 (8448 6144 192 ) (8448 6144 512 ) (8192 6144 512 ) (8192 6144 192 ) 
4 3 7 (8448 6144 512 ) (8448 6144 5154.129883 ) (8192 6144 5154.129883 ) (8192 6144 512 ) 
4 3 6 (8192 6144 192 ) (8192 6144 5154.129883 ) (8192 6208 5154.129883 ) (8192 6208 192 ) 
4 4 16 (7168 6336 5154.129883 ) (7168 6343.110352 5154.129883 ) (7168 6343.110352 192 ) (7168 6336 192 ) 
4 4 5 (8192 6336 512 ) (8192 6336 5154.129883 ) (7168 6336 5154.129883 ) (7168 6336 512 ) 
4 5 17 (7168 6208 5154.129883 ) (7168 6336 5154.129883 ) (7168 6336 512 ) (7168 6208 512 ) 
4 5 6 (8192 6208 512 ) (8192 6208 5154.129883 ) (7168 6208 5154.129883 ) (7168 6208 512 ) 
4 6 18 (7168 6144 192 ) (7168 6144 5154.129883 ) (7168 6208 5154.129883 ) (7168 6208 192 ) 
4 6 9 (8192 6144 192 ) (8192 6144 5154.129883 ) (7168 6144 5154.129883 ) (7168 6144 192 ) 
4 7 10 (8560.951172 5120 512 ) (8560.951172 5120 5154.129883 ) (8192 5120 5154.129883 ) (8192 5120 512 ) 
4 7 9 (8192 6144 5154.129883 ) (8192 6144 512 ) (8192 5120 512 ) (8192 5120 5154.129883 ) 
4 7 8 (8192 5120 512 ) (8192 6144 512 ) (8448 6144 512 ) (8448 5120 512 ) 
4 8 11 (8448 5120 192 ) (8448 5120 512 ) (8192 5120 512 ) (8192 5120 192 ) 
4 8 9 (8192 6144 512 ) (8192 6144 192 ) (8192 5120 192 ) (8192 5120 512 ) 
4 9 28 (7168 5120 192 ) (7168 5120 5154.129883 ) (7168 6144 5154.129883 ) (7168 6144 192 ) 
4 9 12 (7168 5120 5154.129883 ) (7168 5120 192 ) (8192 5120 192 ) (8192 5120 5154.129883 ) 
4 10 13 (8560.951172 4096 512 ) (8560.951172 4096 5154.129883 ) (8192 4096 5154.129883 ) (8192 4096 512 ) 
4 10 12 (8192 5120 5154.129883 ) (8192 5120 512 ) (8192 4096 512 ) (8192 4096 5154.129883 ) 
4 10 11 (8192 4096 512 ) (8192 5120 512 ) (8448 5120 512 ) (8448 4096 512 ) 
4 11 14 (8448 4096 192 ) (8448 4096 512 ) (8192 4096 512 ) (8192 4096 192 ) 
4 11 12 (8192 5120 512 ) (8192 5120 192 ) (8192 4096 192 ) (8192 4096 512 ) 
4 12 30 (7168 4096 192 ) (7168 4096 5154.129883 ) (7168 5120 5154.129883 ) (7168 5120 192 ) 
4 12 15 (7168 4096 5154.129883 ) (7168 4096 192 ) (8192 4096 192 ) (8192 4096 5154.129883 ) 
4 13 40 (8560.951172 3072 512 ) (8560.951172 3072 5154.129883 ) (8192 3072 5154.129883 ) (8192 3072 512 ) 
4 13 15 (8192 4096 5154.129883 ) (8192 4096 512 ) (8192 3072 512 ) (8192 3072 5154.129883 ) 
4 13 14 (8192 3072 512 ) (8192 4096 512 ) (8448 4096 512 ) (8448 3072 512 ) 
4 14 41 (8448 3072 192 ) (8448 3072 512 ) (8192 3072 512 ) (8192 3072 192 ) 
4 14 15 (8192 4096 512 ) (8192 4096 192 ) (8192 3072 192 ) (8192 3072 512 ) 
4 15 42 (8192 3072 192 ) (8192 3072 5154.129883 ) (7168 3072 5154.129883 ) (7168 3072 192 ) 
4 15 32 (7168 3072 192 ) (7168 3072 5154.129883 ) (7168 4096 5154.129883 ) (7168 4096 192 ) 
4 16 19 (6144 6336 5154.129883 ) (6144 6343.110352 5154.129883 ) (6144 6343.110352 192 ) (6144 6336 192 ) 
4 16 17 (7168 6336 512 ) (7168 6336 5154.129883 ) (6144 6336 5154.129883 ) (6144 6336 512 ) 
4 17 20 (6144 6208 5154.129883 ) (6144 6336 5154.129883 ) (6144 6336 512 ) (6144 6208 512 ) 
4 17 18 (7168 6208 512 ) (7168 6208 5154.129883 ) (6144 6208 5154.129883 ) (6144 6208 512 ) 
4 18 28 (7168 6144 192 ) (7168 6144 5154.129883 ) (6144 6144 5154.129883 ) (6144 6144 192 ) 
4 18 21 (6144 6144 192 ) (6144 6144 5154.129883 ) (6144 6208 5154.129883 ) (6144 6208 192 ) 
4 19 22 (5120 6336 5154.129883 ) (5120 6343.110352 5154.129883 ) (5120 6343.110352 192 ) (5120 6336 192 ) 
4 19 20 (6144 6336 512 ) (6144 6336 5154.129883 ) (5120 6336 5154.129883 ) (5120 6336 512 ) 
4 20 23 (5120 6208 5154.129883 ) (5120 6336 5154.129883 ) (5120 6336 512 ) (5120 6208 512 ) 
4 20 21 (6144 6208 512 ) (6144 6208 5154.129883 ) (5120 6208 5154.129883 ) (5120 6208 512 ) 
4 21 29 (6144 6144 192 ) (6144 6144 5154.129883 ) (5120 6144 5154.129883 ) (5120 6144 192 ) 
4 21 24 (5120 6144 192 ) (5120 6144 5154.129883 ) (5120 6208 5154.129883 ) (5120 6208 192 ) 
4 22 25 (4096 6336 5154.129883 ) (4096 6343.110352 5154.129883 ) (4096 6343.110352 192 ) (4096 6336 192 ) 
4 22 23 (5120 6336 512 ) (5120 6336 5154.129883 ) (4096 6336 5154.129883 ) (4096 6336 512 ) 
4 23 26 (4096 6208 5154.129883 ) (4096 6336 5154.129883 ) (4096 6336 512 ) (4096 6208 512 ) 
4 23 24 (5120 6208 512 ) (5120 6208 5154.129883 ) (4096 6208 5154.129883 ) (4096 6208 512 ) 
4 24 34 (5120 6144 192 ) (5120 6144 5154.129883 ) (4096 6144 5154.129883 ) (4096 6144 192 ) 
4 24 27 (4096 6144 192 ) (4096 6144 5154.129883 ) (4096 6208 5154.129883 ) (4096 6208 192 ) 
4 25 85 (3072 6336 5154.129883 ) (3072 6343.110352 5154.129883 ) (3072 6343.110352 192 ) (3072 6336 192 ) 
4 25 26 (4096 6336 512 ) (4096 6336 5154.129883 ) (3072 6336 5154.129883 ) (3072 6336 512 ) 
4 26 86 (3072 6208 5154.129883 ) (3072 6336 5154.129883 ) (3072 6336 512 ) (3072 6208 512 ) 
4 26 27 (4096 6208 512 ) (4096 6208 5154.129883 ) (3072 6208 5154.129883 ) (3072 6208 512 ) 
4 27 87 (3072 6144 192 ) (3072 6144 5154.129883 ) (3072 6208 5154.129883 ) (3072 6208 192 ) 
4 27 35 (4096 6144 192 ) (4096 6144 5154.129883 ) (3072 6144 5154.129883 ) (3072 6144 192 ) 
4 28 30 (7168 5120 192 ) (7168 5120 5154.129883 ) (6144 5120 5154.129883 ) (6144 5120 192 ) 
4 28 29 (6144 6144 5154.129883 ) (6144 6144 192 ) (6144 5120 192 ) (6144 5120 5154.129883 ) 
4 29 34 (5120 6144 5154.129883 ) (5120 6144 192 ) (5120 5120 192 ) (5120 5120 5154.129883 ) 
4 29 31 (6144 5120 192 ) (6144 5120 5154.129883 ) (5120 5120 5154.129883 ) (5120 5120 192 ) 
4 30 32 (7168 4096 192 ) (7168 4096 5154.129883 ) (6144 4096 5154.129883 ) (6144 4096 192 ) 
4 30 31 (6144 4096 192 ) (6144 4096 5154.129883 ) (6144 5120 5154.129883 ) (6144 5120 192 ) 
4 31 36 (5120 4096 192 ) (5120 4096 5154.129883 ) (5120 5120 5154.129883 ) (5120 5120 192 ) 
4 31 33 (5120 4096 5154.129883 ) (5120 4096 192 ) (6144 4096 192 ) (6144 4096 5154.129883 ) 
4 32 56 (7168 3072 192 ) (7168 3072 5154.129883 ) (6144 3072 5154.129883 ) (6144 3072 192 ) 
4 32 33 (6144 4096 5154.129883 ) (6144 4096 192 ) (6144 3072 192 ) (6144 3072 5154.129883 ) 
4 33 57 (6144 3072 192 ) (6144 3072 5154.129883 ) (5120 3072 5154.129883 ) (5120 3072 192 ) 
4 33 38 (5120 3072 192 ) (5120 3072 5154.129883 ) (5120 4096 5154.129883 ) (5120 4096 192 ) 
4 34 36 (5120 5120 192 ) (5120 5120 5154.129883 ) (4096 5120 5154.129883 ) (4096 5120 192 ) 
4 34 35 (4096 6144 5154.129883 ) (4096 6144 192 ) (4096 5120 192 ) (4096 5120 5154.129883 ) 
4 35 94 (3072 5120 192 ) (3072 5120 5154.129883 ) (3072 6144 5154.129883 ) (3072 6144 192 ) 
4 35 37 (4096 5120 192 ) (4096 5120 5154.129883 ) (3072 5120 5154.129883 ) (3072 5120 192 ) 
4 36 38 (5120 4096 192 ) (5120 4096 5154.129883 ) (4096 4096 5154.129883 ) (4096 4096 192 ) 
4 36 37 (4096 4096 192 ) (4096 4096 5154.129883 ) (4096 5120 5154.129883 ) (4096 5120 192 ) 
4 37 97 (3072 4096 192 ) (3072 4096 5154.129883 ) (3072 5120 5154.129883 ) (3072 5120 192 ) 
4 37 39 (3072 4096 5154.129883 ) (3072 4096 192 ) (4096 4096 192 ) (4096 4096 5154.129883 ) 
4 38 60 (5120 3072 192 ) (5120 3072 5154.129883 ) (4096 3072 5154.129883 ) (4096 3072 192 ) 
4 38 39 (4096 4096 5154.129883 ) (4096 4096 192 ) (4096 3072 192 ) (4096 3072 5154.129883 ) 
4 39 98 (3072 3072 192 ) (3072 3072 5154.129883 ) (3072 4096 5154.129883 ) (3072 4096 192 ) 
4 39 61 (4096 3072 192 ) (4096 3072 5154.129883 ) (3072 3072 5154.129883 ) (3072 3072 192 ) 
4 40 43 (8560.951172 2048 512 ) (8560.951172 2048 5154.129883 ) (8192 2048 5154.129883 ) (8192 2048 512 ) 
4 40 42 (8192 3072 5154.129883 ) (8192 3072 512 ) (8192 2048 512 ) (8192 2048 5154.129883 ) 
4 40 41 (8192 2048 512 ) (8192 3072 512 ) (8448 3072 512 ) (8448 2048 512 ) 
4 41 44 (8448 2048 192 ) (8448 2048 512 ) (8192 2048 512 ) (8192 2048 192 ) 
4 41 42 (8192 3072 512 ) (8192 3072 192 ) (8192 2048 192 ) (8192 2048 512 ) 
4 42 56 (7168 3072 5154.129883 ) (7168 3072 192 ) (7168 2048 192 ) (7168 2048 5154.129883 ) 
4 42 45 (8192 2048 192 ) (8192 2048 5154.129883 ) (7168 2048 5154.129883 ) (7168 2048 192 ) 
4 43 46 (8560.951172 1024 512 ) (8560.951172 1024 5154.129883 ) (8192 1024 5154.129883 ) (8192 1024 512 ) 
4 43 45 (8192 2048 5154.129883 ) (8192 2048 512 ) (8192 1024 512 ) (8192 1024 5154.129883 ) 
4 43 44 (8192 1024 512 ) (8192 2048 512 ) (8448 2048 512 ) (8448 1024 512 ) 
4 44 47 (8448 1024 192 ) (8448 1024 512 ) (8192 1024 512 ) (8192 1024 192 ) 
4 44 45 (8192 2048 512 ) (8192 2048 192 ) (8192 1024 192 ) (8192 1024 512 ) 
4 45 58 (7168 1024 192 ) (7168 1024 5154.129883 ) (7168 2048 5154.129883 ) (7168 2048 192 ) 
4 45 50 (8192 1024 192 ) (8192 1024 512 ) (7168 1024 512 ) (7168 1024 192 ) 
4 45 49 (8192 1024 512 ) (8192 1024 5154.129883 ) (7168 1024 5154.129883 ) (7168 1024 512 ) 
4 46 52 (8560 0 5154.129883 ) (8192 0 5154.129883 ) (8192 0 512 ) (8560 0 512 ) 
4 46 51 (8560.951172 0 512 ) (8560.951172 0 5154.129883 ) (8560 0 5154.129883 ) (8560 0 512 ) 
4 46 49 (8192 1024 5154.129883 ) (8192 1024 512 ) (8192 0 512 ) (8192 0 5154.129883 ) 
4 46 48 (8560 256 512 ) (8560.951172 256 512 ) (8560.951172 0 512 ) (8560 0 512 ) 
4 46 47 (8192 256 512 ) (8192 1024 512 ) (8448 1024 512 ) (8448 256 512 ) 
4 47 50 (8192 1024 512 ) (8192 1024 192 ) (8192 256 192 ) (8192 256 512 ) 
4 48 51 (8560.951172 0 192 ) (8560.951172 0 512 ) (8560 0 512 ) (8560 0 192 ) 
4 49 66 (7168 0 512 ) (7168 0 5154.129883 ) (7168 1024 5154.129883 ) (7168 1024 512 ) 
4 49 55 (7168 0 992 ) (7168 0 512 ) (8192 0 512 ) (8192 0 992 ) 
4 49 54 (7168 0 5154.129883 ) (7168 0 992 ) (8192 0 992 ) (8192 0 5154.129883 ) 
4 49 50 (7168 256 512 ) (7168 1024 512 ) (8192 1024 512 ) (8192 256 512 ) 
4 50 67 (7168 256 512 ) (7168 1024 512 ) (7168 1024 192 ) (7168 256 192 ) 
4 51 53 (8560.951172 -112 992 ) (8560.951172 -112 5154.129883 ) (8560 -112 5154.129883 ) (8560 -112 992 ) 
4 51 52 (8560 -112 512 ) (8560 -112 5154.129883 ) (8560 0 5154.129883 ) (8560 0 512 ) 
4 52 55 (8192 0 992 ) (8192 0 512 ) (8192 -112 512 ) (8192 -112 992 ) 
4 52 54 (8192 0 5154.129883 ) (8192 0 992 ) (8192 -112 992 ) (8192 -112 5154.129883 ) 
4 52 53 (8560 -112 5154.129883 ) (8192 -112 5154.129883 ) (8192 -112 992 ) (8560 -112 992 ) 
4 53 54 (8192 -199.111008 992 ) (8192 -199.111008 5154.129883 ) (8192 -112 5154.129883 ) (8192 -112 992 ) 
4 54 70 (7168 -199.111008 992 ) (7168 -199.111008 5154.129883 ) (7168 0 5154.129883 ) (7168 0 992 ) 
4 54 55 (7168 -112 992 ) (7168 0 992 ) (8192 0 992 ) (8192 -112 992 ) 
4 55 71 (7168 -112 512 ) (7168 -112 992 ) (7168 0 992 ) (7168 0 512 ) 
4 56 58 (7168 2048 192 ) (7168 2048 5154.129883 ) (6144 2048 5154.129883 ) (6144 2048 192 ) 
4 56 57 (6144 3072 5154.129883 ) (6144 3072 192 ) (6144 2048 192 ) (6144 2048 5154.129883 ) 
4 57 60 (5120 3072 5154.129883 ) (5120 3072 192 ) (5120 2048 192 ) (5120 2048 5154.129883 ) 
4 57 59 (6144 2048 192 ) (6144 2048 5154.129883 ) (5120 2048 5154.129883 ) (5120 2048 192 ) 
4 58 67 (7168 1024 192 ) (7168 1024 512 ) (6144 1024 512 ) (6144 1024 192 ) 
4 58 66 (7168 1024 512 ) (7168 1024 5154.129883 ) (6144 1024 5154.129883 ) (6144 1024 512 ) 
4 58 59 (6144 2048 5154.129883 ) (6144 2048 192 ) (6144 1024 192 ) (6144 1024 5154.129883 ) 
4 59 69 (6144 1024 192 ) (6144 1024 512 ) (5120 1024 512 ) (5120 1024 192 ) 
4 59 68 (6144 1024 512 ) (6144 1024 5154.129883 ) (5120 1024 5154.129883 ) (5120 1024 512 ) 
4 59 62 (5120 1024 192 ) (5120 1024 5154.129883 ) (5120 2048 5154.129883 ) (5120 2048 192 ) 
4 60 62 (5120 2048 192 ) (5120 2048 5154.129883 ) (4096 2048 5154.129883 ) (4096 2048 192 ) 
4 60 61 (4096 3072 5154.129883 ) (4096 3072 192 ) (4096 2048 192 ) (4096 2048 5154.129883 ) 
4 61 127 (3072 2048 192 ) (3072 2048 5154.129883 ) (3072 3072 5154.129883 ) (3072 3072 192 ) 
4 61 64 (3432 2048 5154.129883 ) (3072 2048 5154.129883 ) (3072 2048 192 ) (3432 2048 192 ) 
4 61 63 (4096 2048 192 ) (4096 2048 5154.129883 ) (3432 2048 5154.129883 ) (3432 2048 192 ) 
4 62 75 (5120 1024 192 ) (5120 1024 512 ) (4096 1024 512 ) (4096 1024 192 ) 
4 62 74 (5120 1024 512 ) (5120 1024 5154.129883 ) (4096 1024 5154.129883 ) (4096 1024 512 ) 
4 62 63 (4096 2048 5154.129883 ) (4096 2048 192 ) (4096 1024 192 ) (4096 1024 5154.129883 ) 
4 63 77 (4096 1024 192 ) (4096 1024 512 ) (3432 1024 512 ) (3432 1024 192 ) 
4 63 76 (4096 1024 512 ) (4096 1024 5154.129883 ) (3432 1024 5154.129883 ) (3432 1024 512 ) 
4 63 65 (3432 1024 512 ) (3432 1024 5154.129883 ) (3432 1600 5154.129883 ) (3432 1600 512 ) 
4 63 64 (3432 2048 192 ) (3432 1600 192 ) (3432 1600 5154.129883 ) (3432 2048 5154.129883 ) 
4 64 128 (3072 1600 5154.129883 ) (3072 2048 5154.129883 ) (3072 2048 192 ) (3072 1600 192 ) 
4 64 65 (3432 1600 512 ) (3432 1600 5154.129883 ) (3072 1600 5154.129883 ) (3072 1600 512 ) 
4 65 129 (3072 1024 512 ) (3072 1024 5154.129883 ) (3072 1600 5154.129883 ) (3072 1600 512 ) 
4 65 76 (3432 1024 5154.129883 ) (3072 1024 5154.129883 ) (3072 1024 512 ) (3432 1024 512 ) 
4 66 71 (7168 0 512 ) (7168 0 992 ) (6144 0 992 ) (6144 0 512 ) 
4 66 70 (7168 0 992 ) (7168 0 5154.129883 ) (6144 0 5154.129883 ) (6144 0 992 ) 
4 66 68 (6144 1024 5154.129883 ) (6144 1024 512 ) (6144 0 512 ) (6144 0 5154.129883 ) 
4 66 67 (6144 256 512 ) (6144 1024 512 ) (7168 1024 512 ) (7168 256 512 ) 
4 67 69 (6144 1024 512 ) (6144 1024 192 ) (6144 256 192 ) (6144 256 512 ) 
4 68 74 (5120 1024 5154.129883 ) (5120 1024 512 ) (5120 0 512 ) (5120 0 5154.129883 ) 
4 68 73 (6144 0 512 ) (6144 0 992 ) (5120 0 992 ) (5120 0 512 ) 
4 68 72 (6144 0 992 ) (6144 0 5154.129883 ) (5120 0 5154.129883 ) (5120 0 992 ) 
4 68 69 (5120 256 512 ) (5120 1024 512 ) (6144 1024 512 ) (6144 256 512 ) 
4 69 75 (5120 1024 512 ) (5120 1024 192 ) (5120 256 192 ) (5120 256 512 ) 
4 70 72 (6144 -199.111008 992 ) (6144 -199.111008 5154.129883 ) (6144 0 5154.129883 ) (6144 0 992 ) 
4 70 71 (6144 -112 992 ) (6144 0 992 ) (7168 0 992 ) (7168 -112 992 ) 
4 71 73 (6144 -112 512 ) (6144 -112 992 ) (6144 0 992 ) (6144 0 512 ) 
4 72 81 (5120 -199.111008 992 ) (5120 -199.111008 5154.129883 ) (5120 0 5154.129883 ) (5120 0 992 ) 
4 72 73 (5120 -112 992 ) (5120 0 992 ) (6144 0 992 ) (6144 -112 992 ) 
4 73 82 (5120 -112 512 ) (5120 -112 992 ) (5120 0 992 ) (5120 0 512 ) 
4 74 82 (5120 0 512 ) (5120 0 992 ) (4096 0 992 ) (4096 0 512 ) 
4 74 81 (5120 0 992 ) (5120 0 5154.129883 ) (4096 0 5154.129883 ) (4096 0 992 ) 
4 74 76 (4096 1024 5154.129883 ) (4096 1024 512 ) (4096 0 512 ) (4096 0 5154.129883 ) 
4 74 75 (4096 256 512 ) (4096 1024 512 ) (5120 1024 512 ) (5120 256 512 ) 
4 75 80 (4096 544 192 ) (4096 256 192 ) (4096 256 512 ) (4096 544 512 ) 
4 75 78 (4096 640 192 ) (4096 544 192 ) (4096 544 512 ) (4096 640 512 ) 
4 75 77 (4096 1024 512 ) (4096 1024 192 ) (4096 640 192 ) (4096 640 512 ) 
4 76 143 (3072 0 512 ) (3072 0 5154.129883 ) (3072 1024 5154.129883 ) (3072 1024 512 ) 
4 76 84 (4096 0 512 ) (4096 0 992 ) (3072 0 992 ) (3072 0 512 ) 
4 76 83 (4096 0 992 ) (4096 0 5154.129883 ) (3072 0 5154.129883 ) (3072 0 992 ) 
4 76 80 (3432 544 512 ) (4096 544 512 ) (4096 256 512 ) (3432 256 512 ) 
4 76 78 (3432 640 512 ) (4096 640 512 ) (4096 544 512 ) (3432 544 512 ) 
4 76 77 (3432 1024 512 ) (4096 1024 512 ) (4096 640 512 ) (3432 640 512 ) 
4 77 78 (3432 640 192 ) (4096 640 192 ) (4096 640 512 ) (3432 640 512 ) 
4 78 80 (3432 544 192 ) (4096 544 192 ) (4096 544 512 ) (3432 544 512 ) 
4 78 79 (3432 640 256 ) (3432 640 192 ) (3432 544 192 ) (3432 544 256 ) 
4 79 149 (3072 640 256 ) (3072 640 192 ) (3072 544 192 ) (3072 544 256 ) 
4 81 83 (4096 -199.111008 992 ) (4096 -199.111008 5154.129883 ) (4096 0 5154.129883 ) (4096 0 992 ) 
4 81 82 (4096 -112 992 ) (4096 0 992 ) (5120 0 992 ) (5120 -112 992 ) 
4 82 84 (4096 -112 512 ) (4096 -112 992 ) (4096 0 992 ) (4096 0 512 ) 
4 83 190 (3072 -199.111008 992 ) (3072 -199.111008 5154.129883 ) (3072 -112 5154.129883 ) (3072 -112 992 ) 
4 83 188 (3072 -112 5154.129883 ) (3072 0 5154.129883 ) (3072 0 992 ) (3072 -112 992 ) 
4 83 84 (3072 -112 992 ) (3072 0 992 ) (4096 0 992 ) (4096 -112 992 ) 
4 84 188 (3072 -112 512 ) (3072 -112 992 ) (3072 0 992 ) (3072 0 512 ) 
4 85 88 (2048 6336 5154.129883 ) (2048 6343.110352 5154.129883 ) (2048 6343.110352 192 ) (2048 6336 192 ) 
4 85 86 (3072 6336 512 ) (3072 6336 5154.129883 ) (2048 6336 5154.129883 ) (2048 6336 512 ) 
4 86 89 (2048 6208 5154.129883 ) (2048 6336 5154.129883 ) (2048 6336 512 ) (2048 6208 512 ) 
4 86 87 (3072 6208 512 ) (3072 6208 5154.129883 ) (2048 6208 5154.129883 ) (2048 6208 512 ) 
4 87 94 (3072 6144 192 ) (3072 6144 5154.129883 ) (2048 6144 5154.129883 ) (2048 6144 192 ) 
4 87 90 (2048 6144 192 ) (2048 6144 5154.129883 ) (2048 6208 5154.129883 ) (2048 6208 192 ) 
4 88 91 (1024 6336 5154.129883 ) (1024 6343.110352 5154.129883 ) (1024 6343.110352 192 ) (1024 6336 192 ) 
4 88 89 (2048 6336 512 ) (2048 6336 5154.129883 ) (1024 6336 5154.129883 ) (1024 6336 512 ) 
4 89 92 (1024 6208 5154.129883 ) (1024 6336 5154.129883 ) (1024 6336 512 ) (1024 6208 512 ) 
4 89 90 (2048 6208 512 ) (2048 6208 5154.129883 ) (1024 6208 5154.129883 ) (1024 6208 512 ) 
4 90 95 (2048 6144 192 ) (2048 6144 5154.129883 ) (1024 6144 5154.129883 ) (1024 6144 192 ) 
4 90 93 (1024 6144 192 ) (1024 6144 5154.129883 ) (1024 6208 5154.129883 ) (1024 6208 192 ) 
4 91 109 (0 6336 5154.129883 ) (0 6343.110352 5154.129883 ) (0 6343.110352 192 ) (0 6336 192 ) 
4 91 92 (1024 6336 512 ) (1024 6336 5154.129883 ) (0 6336 5154.129883 ) (0 6336 512 ) 
4 92 110 (0 6208 5154.129883 ) (0 6336 5154.129883 ) (0 6336 512 ) (0 6208 512 ) 
4 92 93 (1024 6208 512 ) (1024 6208 5154.129883 ) (0 6208 5154.129883 ) (0 6208 512 ) 
4 93 111 (0 6144 192 ) (0 6144 5154.129883 ) (0 6208 5154.129883 ) (0 6208 192 ) 
4 93 96 (1024 6144 192 ) (1024 6144 5154.129883 ) (0 6144 5154.129883 ) (0 6144 192 ) 
4 94 97 (3072 5120 192 ) (3072 5120 5154.129883 ) (2048 5120 5154.129883 ) (2048 5120 192 ) 
4 94 95 (2048 5120 192 ) (2048 5120 5154.129883 ) (2048 6144 5154.129883 ) (2048 6144 192 ) 
4 95 100 (2048 5120 192 ) (2048 5120 512 ) (1152 5120 512 ) (1152 5120 192 ) 
4 95 99 (2048 5120 512 ) (2048 5120 5154.129883 ) (1152 5120 5154.129883 ) (1152 5120 512 ) 
4 95 101 (1152 5120 5154.129883 ) (1024 5120 5154.129883 ) (1024 5120 192 ) (1152 5120 192 ) 
4 95 96 (1024 6144 5154.129883 ) (1024 6144 192 ) (1024 5120 192 ) (1024 5120 5154.129883 ) 
4 96 118 (0 5120 192 ) (0 5120 5154.129883 ) (0 6144 5154.129883 ) (0 6144 192 ) 
4 96 102 (0 5120 5154.129883 ) (0 5120 192 ) (1024 5120 192 ) (1024 5120 5154.129883 ) 
4 97 100 (2048 5120 512 ) (2048 5120 192 ) (2048 4096 192 ) (2048 4096 512 ) 
4 97 99 (2048 5120 5154.129883 ) (2048 5120 512 ) (2048 4096 512 ) (2048 4096 5154.129883 ) 
4 97 98 (3072 4096 192 ) (3072 4096 5154.129883 ) (2048 4096 5154.129883 ) (2048 4096 192 ) 
4 98 127 (3072 3072 192 ) (3072 3072 5154.129883 ) (2048 3072 5154.129883 ) (2048 3072 192 ) 
4 98 104 (2048 3072 192 ) (2048 3072 512 ) (2048 4096 512 ) (2048 4096 192 ) 
4 98 103 (2048 3072 512 ) (2048 3072 5154.129883 ) (2048 4096 5154.129883 ) (2048 4096 512 ) 
4 99 103 (2048 4096 512 ) (2048 4096 5154.129883 ) (1152 4096 5154.129883 ) (1152 4096 512 ) 
5 99 100 (1152 4384 512 ) (1152 5120 512 ) (2048 5120 512 ) (2048 4096 512 ) (1282.909180 4096 512 ) 
4 99 101 (1152 4096 512 ) (1152 4096 5154.129883 ) (1152 5120 5154.129883 ) (1152 5120 512 ) 
4 100 105 (1792 4096 512 ) (1282.909180 4096 512 ) (1282.909180 4096 192 ) (1792 4096 192 ) 
4 100 104 (2048 4096 192 ) (2048 4096 512 ) (1792 4096 512 ) (1792 4096 192 ) 
4 100 101 (1152 5120 192 ) (1152 4384 192 ) (1152 4384 512 ) (1152 5120 512 ) 
4 101 107 (1024 4096 512 ) (1024 4096 192 ) (1152 4096 192 ) (1152 4096 512 ) 
4 101 103 (1152 4096 5154.129883 ) (1024 4096 5154.129883 ) (1024 4096 512 ) (1152 4096 512 ) 
4 101 102 (1024 5120 5154.129883 ) (1024 5120 192 ) (1024 4096 192 ) (1024 4096 5154.129883 ) 
4 102 120 (0 4096 192 ) (0 4096 5154.129883 ) (0 5120 5154.129883 ) (0 5120 192 ) 
4 102 108 (0 4096 5154.129883 ) (0 4096 192 ) (1024 4096 192 ) (1024 4096 5154.129883 ) 
4 103 131 (2048 3072 512 ) (2048 3072 5154.129883 ) (1024 3072 5154.129883 ) (1024 3072 512 ) 
4 103 108 (1024 4096 5154.129883 ) (1024 4096 512 ) (1024 3072 512 ) (1024 3072 5154.129883 ) 
3 103 106 (1457.454590 3072 512 ) (1152 3072 512 ) (1152 3744 512 ) 
4 103 105 (1282.909180 4096 512 ) (1792 4096 512 ) (1792 3424 512 ) (1472 3680 512 ) 
4 103 107 (1152 3072 512 ) (1024 3072 512 ) (1024 4096 512 ) (1152 4096 512 ) 
4 103 104 (2048 3072 512 ) (1792 3072 512 ) (1792 4096 512 ) (2048 4096 512 ) 
4 104 132 (2048 3072 192 ) (2048 3072 512 ) (1792 3072 512 ) (1792 3072 192 ) 
4 104 105 (1792 4096 192 ) (1792 3424 192 ) (1792 3424 512 ) (1792 4096 512 ) 
4 106 133 (1457.454590 3072 512 ) (1152 3072 512 ) (1152 3072 192 ) (1457.454590 3072 192 ) 
4 106 107 (1152 3744 192 ) (1152 3072 192 ) (1152 3072 512 ) (1152 3744 512 ) 
4 107 136 (1152 3072 512 ) (1024 3072 512 ) (1024 3072 192 ) (1152 3072 192 ) 
4 107 108 (1024 4096 512 ) (1024 4096 192 ) (1024 3072 192 ) (1024 3072 512 ) 
4 108 137 (1024 3072 192 ) (1024 3072 5154.129883 ) (0 3072 5154.129883 ) (0 3072 192 ) 
4 108 122 (0 3072 192 ) (0 3072 5154.129883 ) (0 4096 5154.129883 ) (0 4096 192 ) 
4 109 112 (-1024 6336 5154.129883 ) (-1024 6343.110352 5154.129883 ) (-1024 6343.110352 192 ) (-1024 6336 192 ) 
4 109 110 (0 6336 512 ) (0 6336 5154.129883 ) (-1024 6336 5154.129883 ) (-1024 6336 512 ) 
4 110 113 (-1024 6208 5154.129883 ) (-1024 6336 5154.129883 ) (-1024 6336 512 ) (-1024 6208 512 ) 
4 110 111 (0 6208 512 ) (0 6208 5154.129883 ) (-1024 6208 5154.129883 ) (-1024 6208 512 ) 
4 111 118 (0 6144 192 ) (0 6144 5154.129883 ) (-1024 6144 5154.129883 ) (-1024 6144 192 ) 
4 111 114 (-1024 6144 192 ) (-1024 6144 5154.129883 ) (-1024 6208 5154.129883 ) (-1024 6208 192 ) 
4 112 115 (-2048 6336 5154.129883 ) (-2048 6343.110352 5154.129883 ) (-2048 6343.110352 192 ) (-2048 6336 192 ) 
4 112 113 (-1024 6336 512 ) (-1024 6336 5154.129883 ) (-2048 6336 5154.129883 ) (-2048 6336 512 ) 
4 113 116 (-2048 6208 5154.129883 ) (-2048 6336 5154.129883 ) (-2048 6336 512 ) (-2048 6208 512 ) 
4 113 114 (-1024 6208 512 ) (-1024 6208 5154.129883 ) (-2048 6208 5154.129883 ) (-2048 6208 512 ) 
4 114 119 (-1024 6144 192 ) (-1024 6144 5154.129883 ) (-2048 6144 5154.129883 ) (-2048 6144 192 ) 
4 114 117 (-2048 6144 192 ) (-2048 6144 5154.129883 ) (-2048 6208 5154.129883 ) (-2048 6208 192 ) 
4 115 116 (-2048 6336 512 ) (-2048 6336 5154.129883 ) (-2160.949951 6336 5154.129883 ) (-2160.949951 6336 512 ) 
4 116 117 (-2048 6208 512 ) (-2048 6208 5154.129883 ) (-2160.949951 6208 5154.129883 ) (-2160.949951 6208 512 ) 
4 117 124 (-2048 6144 192 ) (-2048 6144 5154.129883 ) (-2160.949951 6144 5154.129883 ) (-2160.949951 6144 192 ) 
4 118 120 (0 5120 192 ) (0 5120 5154.129883 ) (-1024 5120 5154.129883 ) (-1024 5120 192 ) 
4 118 119 (-1024 6144 5154.129883 ) (-1024 6144 192 ) (-1024 5120 192 ) (-1024 5120 5154.129883 ) 
4 119 124 (-2048 6144 5154.129883 ) (-2048 6144 192 ) (-2048 5120 192 ) (-2048 5120 5154.129883 ) 
4 119 121 (-1024 5120 192 ) (-1024 5120 5154.129883 ) (-2048 5120 5154.129883 ) (-2048 5120 192 ) 
4 120 122 (0 4096 192 ) (0 4096 5154.129883 ) (-1024 4096 5154.129883 ) (-1024 4096 192 ) 
4 120 121 (-1024 4096 192 ) (-1024 4096 5154.129883 ) (-1024 5120 5154.129883 ) (-1024 5120 192 ) 
4 121 125 (-2048 4096 192 ) (-2048 4096 5154.129883 ) (-2048 5120 5154.129883 ) (-2048 5120 192 ) 
4 121 123 (-2048 4096 5154.129883 ) (-2048 4096 192 ) (-1024 4096 192 ) (-1024 4096 5154.129883 ) 
4 122 195 (0 3072 192 ) (0 3072 5154.129883 ) (-1024 3072 5154.129883 ) (-1024 3072 192 ) 
4 122 123 (-1024 4096 5154.129883 ) (-1024 4096 192 ) (-1024 3072 192 ) (-1024 3072 5154.129883 ) 
4 123 196 (-1024 3072 192 ) (-1024 3072 5154.129883 ) (-2048 3072 5154.129883 ) (-2048 3072 192 ) 
4 123 126 (-2048 3072 192 ) (-2048 3072 5154.129883 ) (-2048 4096 5154.129883 ) (-2048 4096 192 ) 
4 124 125 (-2048 5120 192 ) (-2048 5120 5154.129883 ) (-2160.949951 5120 5154.129883 ) (-2160.949951 5120 192 ) 
4 125 126 (-2048 4096 192 ) (-2048 4096 5154.129883 ) (-2160.949951 4096 5154.129883 ) (-2160.949951 4096 192 ) 
4 126 201 (-2048 3072 192 ) (-2048 3072 5154.129883 ) (-2160.949951 3072 5154.129883 ) (-2160.949951 3072 192 ) 
4 127 132 (2048 3072 512 ) (2048 3072 192 ) (2048 2048 192 ) (2048 2048 512 ) 
4 127 131 (2048 3072 5154.129883 ) (2048 3072 512 ) (2048 2048 512 ) (2048 2048 5154.129883 ) 
4 127 128 (3072 2048 192 ) (3072 2048 5154.129883 ) (2792 2048 5154.129883 ) (2792 2048 192 ) 
4 127 130 (2792 2048 5154.129883 ) (2048 2048 5154.129883 ) (2048 2048 192 ) (2792 2048 192 ) 
4 128 129 (2792 1600 5154.129883 ) (2792 1600 512 ) (3072 1600 512 ) (3072 1600 5154.129883 ) 
4 128 130 (2792 2048 192 ) (2792 1600 192 ) (2792 1600 5154.129883 ) (2792 2048 5154.129883 ) 
4 129 143 (3072 1024 512 ) (3072 1024 5154.129883 ) (2792 1024 5154.129883 ) (2792 1024 512 ) 
4 129 130 (2792 1024 512 ) (2792 1024 5154.129883 ) (2792 1600 5154.129883 ) (2792 1600 512 ) 
4 130 159 (2368 1024 192 ) (2496 1024 192 ) (2496 1024 512 ) (2368 1024 512 ) 
4 130 162 (2048 1024 512 ) (2048 1024 192 ) (2368 1024 192 ) (2368 1024 512 ) 
4 130 155 (2624 1024 192 ) (2632 1024 192 ) (2632 1024 512 ) (2624 1024 512 ) 
4 130 156 (2496 1024 192 ) (2624 1024 192 ) (2624 1024 512 ) (2496 1024 512 ) 
4 130 144 (2632 1024 192 ) (2792 1024 192 ) (2792 1024 512 ) (2632 1024 512 ) 
4 130 143 (2792 1024 5154.129883 ) (2048 1024 5154.129883 ) (2048 1024 512 ) (2792 1024 512 ) 
4 130 139 (2048 1024 192 ) (2048 1024 512 ) (2048 2048 512 ) (2048 2048 192 ) 
4 130 138 (2048 1024 512 ) (2048 1024 5154.129883 ) (2048 2048 5154.129883 ) (2048 2048 512 ) 
4 131 138 (2048 2048 512 ) (2048 2048 5154.129883 ) (1024 2048 5154.129883 ) (1024 2048 512 ) 
4 131 137 (1024 3072 5154.129883 ) (1024 3072 512 ) (1024 2048 512 ) (1024 2048 5154.129883 ) 
3 131 135 (1268.363647 2048 512 ) (1152 2048 512 ) (1152 2304 512 ) 
3 131 134 (1792 2784 512 ) (1792 2336 512 ) (1472 3040 512 ) 
7 131 133 (1152 3072 512 ) (1457.454590 3072 512 ) (1792 2336 512 ) (1792 2048 512 ) (1712 2048 512 ) (1472 2240 512 ) (1152 2944 512 ) 
4 131 136 (1024 2048 512 ) (1024 3072 512 ) (1152 3072 512 ) (1152 2048 512 ) 
4 131 132 (1792 3072 512 ) (2048 3072 512 ) (2048 2048 512 ) (1792 2048 512 ) 
4 132 139 (2048 2048 192 ) (2048 2048 512 ) (1792 2048 512 ) (1792 2048 192 ) 
4 132 134 (1792 2784 192 ) (1792 2336 192 ) (1792 2336 512 ) (1792 2784 512 ) 
4 132 133 (1792 2336 192 ) (1792 2048 192 ) (1792 2048 512 ) (1792 2336 512 ) 
4 133 140 (1792 2048 512 ) (1712 2048 512 ) (1712 2048 192 ) (1792 2048 192 ) 
4 133 134 (1792 2336 512 ) (1792 2336 192 ) (1472 3040 192 ) (1472 3040 512 ) 
4 133 136 (1152 3072 192 ) (1152 2944 192 ) (1152 2944 512 ) (1152 3072 512 ) 
4 135 141 (1268.363647 2048 512 ) (1152 2048 512 ) (1152 2048 192 ) (1268.363647 2048 192 ) 
4 135 136 (1152 2304 192 ) (1152 2048 192 ) (1152 2048 512 ) (1152 2304 512 ) 
4 136 141 (1152 2048 512 ) (1024 2048 512 ) (1024 2048 192 ) (1152 2048 192 ) 
4 136 137 (1024 3072 512 ) (1024 3072 192 ) (1024 2048 192 ) (1024 2048 512 ) 
4 137 195 (0 3072 5154.129883 ) (0 3072 192 ) (0 2048 192 ) (0 2048 5154.129883 ) 
4 137 142 (1024 2048 192 ) (1024 2048 5154.129883 ) (0 2048 5154.129883 ) (0 2048 192 ) 
4 138 167 (2048 1024 512 ) (2048 1024 5154.129883 ) (1024 1024 5154.129883 ) (1024 1024 512 ) 
4 138 142 (1024 2048 5154.129883 ) (1024 2048 512 ) (1024 1024 512 ) (1024 1024 5154.129883 ) 
6 138 141 (1463.399902 1024 512 ) (1024 1024 512 ) (1024 2048 512 ) (1268.363525 2048 512 ) (1472 1600 512 ) (1472 1031.818237 512 ) 
3 138 140 (1712 2048 512 ) (1792 2048 512 ) (1792 1984 512 ) 
4 138 139 (2048 1024 512 ) (1792 1024 512 ) (1792 2048 512 ) (2048 2048 512 ) 
4 139 168 (2048 1024 192 ) (2048 1024 512 ) (1792 1024 512 ) (1792 1024 192 ) 
4 139 140 (1792 2048 192 ) (1792 1984 192 ) (1792 1984 512 ) (1792 2048 512 ) 
4 141 170 (1216 1024 512 ) (1024 1024 512 ) (1024 1024 192 ) (1216 1024 192 ) 
4 141 169 (1463.399902 1024 512 ) (1216 1024 512 ) (1216 1024 192 ) (1463.399902 1024 192 ) 
4 141 142 (1024 2048 512 ) (1024 2048 192 ) (1024 1024 192 ) (1024 1024 512 ) 
4 142 197 (0 1024 192 ) (0 1024 5154.129883 ) (0 2048 5154.129883 ) (0 2048 192 ) 
4 142 178 (1024 1024 192 ) (1024 1024 512 ) (0 1024 512 ) (0 1024 192 ) 
4 142 177 (1024 1024 512 ) (1024 1024 5154.129883 ) (0 1024 5154.129883 ) (0 1024 512 ) 
4 143 188 (3072 0 512 ) (3072 0 5154.129883 ) (2048 0 5154.129883 ) (2048 0 512 ) 
4 143 167 (2048 0 512 ) (2048 0 5154.129883 ) (2048 1024 5154.129883 ) (2048 1024 512 ) 
4 143 166 (2048 0 512 ) (2048 256 512 ) (2112 256 512 ) (2112 0 512 ) 
4 143 164 (2792 320 512 ) (2792 256 512 ) (2784 256 512 ) (2784 320 512 ) 
4 143 163 (2784 544 512 ) (2792 544 512 ) (2792 320 512 ) (2784 320 512 ) 
4 143 165 (2048 256 512 ) (2048 544 512 ) (2784 544 512 ) (2784 256 512 ) 
4 143 160 (2496 768 512 ) (2496 704 512 ) (2368 704 512 ) (2368 768 512 ) 
4 143 159 (2368 1024 512 ) (2496 1024 512 ) (2496 768 512 ) (2368 768 512 ) 
4 143 161 (2496 704 512 ) (2496 544 512 ) (2368 544 512 ) (2368 704 512 ) 
4 143 162 (2048 544 512 ) (2048 1024 512 ) (2368 1024 512 ) (2368 544 512 ) 
5 143 158 (2632 727.161987 512 ) (2632 544 512 ) (2496 544 512 ) (2496 751 512 ) (2624.322021 751 512 ) 
3 143 157 (2632 751 512 ) (2632 749.301880 512 ) (2626.963867 751 512 ) 
4 143 155 (2624 1024 512 ) (2632 1024 512 ) (2632 752 512 ) (2624 752 512 ) 
4 143 156 (2496 1024 512 ) (2624 1024 512 ) (2624 751 512 ) (2496 751 512 ) 
5 143 154 (2784 544 512 ) (2690.994141 544 512 ) (2649.767090 672 512 ) (2697.099854 672 512 ) (2784 642.697632 512 ) 
4 143 152 (2792 544 512 ) (2784 544 512 ) (2784 642.697632 512 ) (2792 640 512 ) 
3 143 151 (2792 640 512 ) (2790.711670 644 512 ) (2792 644 512 ) 
3 143 148 (2695.173584 728 512 ) (2696 728 512 ) (2696 727.721375 512 ) 
4 143 147 (2696 672 512 ) (2649.767090 672 512 ) (2644 689.905029 512 ) (2696 672.370911 512 ) 
5 143 146 (2632 749.301941 512 ) (2632 752 512 ) (2696 752 512 ) (2696 728 512 ) (2695.173584 728 512 ) 
3 143 145 (2690.994141 544 512 ) (2632 544 512 ) (2632 727.162048 512 ) 
4 143 144 (2632 1024 512 ) (2792 1024 512 ) (2792 752 512 ) (2632 752 512 ) 
4 144 155 (2632 1024 192 ) (2632 752 192 ) (2632 752 512 ) (2632 1024 512 ) 
4 145 165 (2632 544 192 ) (2690.994141 544 192 ) (2690.994141 544 512 ) (2632 544 512 ) 
4 145 158 (2632 727.162048 192 ) (2632 544 192 ) (2632 544 512 ) (2632 727.162048 512 ) 
4 145 154 (2690.995117 544 512 ) (2690.995117 544 192 ) (2649.767578 672 192 ) (2649.767578 672 512 ) 
4 145 147 (2649.767578 672 192 ) (2644 689.904785 192 ) (2644 689.904785 512 ) (2649.767578 672 512 ) 
4 147 154 (2649.765625 672 512 ) (2649.765625 672 192 ) (2696 672 192 ) (2696 672 512 ) 
4 149 153 (2792 640.002136 192 ) (2822.921387 544 192 ) (2822.921387 544 256 ) (2792 640.002136 256 ) 
4 150 151 (2790.711426 644 256 ) (2790.711426 644 192 ) (2792 644 192 ) (2792 644 256 ) 
4 152 163 (2792 544 512 ) (2784 544 512 ) (2784 544 256 ) (2792 544 256 ) 
4 152 154 (2784 544 256 ) (2784 544 512 ) (2784 642.697632 512 ) (2784 642.697632 256 ) 
4 152 153 (2784 544 256 ) (2784 642.697510 256 ) (2792 640 256 ) (2792 544 256 ) 
4 153 163 (2784 544 192 ) (2792 544 192 ) (2792 544 256 ) (2784 544 256 ) 
4 153 154 (2784 642.697632 192 ) (2784 544 192 ) (2784 544 256 ) (2784 642.697632 256 ) 
4 154 165 (2690.994141 544 192 ) (2784 544 192 ) (2784 544 512 ) (2690.994141 544 512 ) 
4 155 156 (2624 1024 192 ) (2624 752 192 ) (2624 752 512 ) (2624 1024 512 ) 
4 156 160 (2496 751 256 ) (2496 751 512 ) (2496 768 512 ) (2496 768 256 ) 
4 156 159 (2496 1024 192 ) (2496 768 192 ) (2496 768 512 ) (2496 1024 512 ) 
4 156 158 (2496 751 512 ) (2496 751 192 ) (2624 751 192 ) (2624 751 512 ) 
4 158 165 (2496 544 192 ) (2632 544 192 ) (2632 544 512 ) (2496 544 512 ) 
4 158 160 (2496 704 256 ) (2496 704 512 ) (2496 751 512 ) (2496 751 256 ) 
4 158 161 (2496 704 192 ) (2496 544 192 ) (2496 544 512 ) (2496 704 512 ) 
4 159 160 (2368 768 512 ) (2368 768 256 ) (2496 768 256 ) (2496 768 512 ) 
4 159 162 (2368 1024 192 ) (2368 768 192 ) (2368 768 512 ) (2368 1024 512 ) 
4 160 162 (2368 704 256 ) (2368 704 512 ) (2368 768 512 ) (2368 768 256 ) 
4 160 161 (2368 704 512 ) (2368 704 256 ) (2496 704 256 ) (2496 704 512 ) 
4 161 165 (2368 544 192 ) (2496 544 192 ) (2496 544 512 ) (2368 544 512 ) 
4 161 162 (2368 704 192 ) (2368 544 192 ) (2368 544 512 ) (2368 704 512 ) 
4 162 168 (2048 544 512 ) (2048 1024 512 ) (2048 1024 192 ) (2048 544 192 ) 
4 162 165 (2048 544 192 ) (2368 544 192 ) (2368 544 512 ) (2048 544 512 ) 
4 163 165 (2784 544 512 ) (2784 544 192 ) (2784 320 192 ) (2784 320 512 ) 
4 163 164 (2784 320 512 ) (2784 320 192 ) (2792 320 192 ) (2792 320 512 ) 
4 164 165 (2784 320 192 ) (2784 256 192 ) (2784 256 512 ) (2784 320 512 ) 
4 165 168 (2048 384 512 ) (2048 544 512 ) (2048 544 192 ) (2048 384 192 ) 
4 165 176 (2048 256 512 ) (2048 384 512 ) (2048 384 192 ) (2048 256 192 ) 
4 165 166 (2048 256 192 ) (2112 256 192 ) (2112 256 512 ) (2048 256 512 ) 
4 166 189 (2112 0 512 ) (2048 0 512 ) (2048 0 192 ) (2112 0 192 ) 
4 166 176 (2048 0 192 ) (2048 0 512 ) (2048 256 512 ) (2048 256 192 ) 
4 167 192 (2048 0 512 ) (2048 0 992 ) (1024 0 992 ) (1024 0 512 ) 
4 167 191 (2048 0 992 ) (2048 0 5154.129883 ) (1024 0 5154.129883 ) (1024 0 992 ) 
4 167 177 (1024 1024 5154.129883 ) (1024 1024 512 ) (1024 0 512 ) (1024 0 5154.129883 ) 
4 167 174 (1527.652100 448 512 ) (1792 448 512 ) (1792 384 512 ) (1472 384 512 ) 
3 167 171 (1792 752 512 ) (1792 448 512 ) (1527.652100 448 512 ) 
5 167 170 (1024 768 512 ) (1024 1024 512 ) (1216 1024 512 ) (1216 798 512 ) (1161 768 512 ) 
3 167 169 (1216 1024 512 ) (1463.399902 1024 512 ) (1216 799.091003 512 ) 
4 167 168 (1792 1024 512 ) (2048 1024 512 ) (2048 384 512 ) (1792 384 512 ) 
4 167 176 (1024 0 512 ) (1024 384 512 ) (2048 384 512 ) (2048 0 512 ) 
4 168 175 (1792 448 192 ) (1792 384 192 ) (1792 384 447 ) (1792 448 447 ) 
4 168 174 (1792 384 447 ) (1792 384 512 ) (1792 448 512 ) (1792 448 447 ) 
4 168 171 (1792 752 192 ) (1792 448 192 ) (1792 448 512 ) (1792 752 512 ) 
4 168 176 (1792 384 192 ) (2048 384 192 ) (2048 384 512 ) (1792 384 512 ) 
4 169 170 (1216 1024 192 ) (1216 799.091003 192 ) (1216 799.091003 512 ) (1216 1024 512 ) 
4 170 178 (1024 1024 512 ) (1024 1024 192 ) (1024 768 192 ) (1024 768 512 ) 
4 171 175 (1527.652100 448 192 ) (1792 448 192 ) (1792 448 447 ) (1527.652100 448 447 ) 
4 171 174 (1792 448 447 ) (1792 448 512 ) (1527.652100 448 512 ) (1527.652100 448 447 ) 
4 172 173 (1216 449.995758 192 ) (1216 448 192 ) (1216 448 447 ) (1216 449.995758 447 ) 
4 173 179 (1024 483.817993 192 ) (1024 448 192 ) (1024 448 447 ) (1024 483.817993 447 ) 
4 174 175 (1527.652100 448 447 ) (1792 448 447 ) (1792 384 447 ) (1472 384 447 ) 
4 174 176 (1792 384 447 ) (1792 384 512 ) (1472 384 512 ) (1472 384 447 ) 
4 175 176 (1472 384 192 ) (1792 384 192 ) (1792 384 447 ) (1472 384 447 ) 
4 176 192 (2048 0 192 ) (2048 0 512 ) (1024 0 512 ) (1024 0 192 ) 
4 176 187 (1024 384 192 ) (1024 0 192 ) (1024 0 512 ) (1024 384 512 ) 
4 177 204 (0 0 512 ) (0 0 5154.129883 ) (0 1024 5154.129883 ) (0 1024 512 ) 
4 177 194 (0 0 992 ) (0 0 512 ) (1024 0 512 ) (1024 0 992 ) 
4 177 193 (0 0 5154.129883 ) (0 0 992 ) (1024 0 992 ) (1024 0 5154.129883 ) 
4 177 181 (766.315918 576 512 ) (896 576 512 ) (896 384 512 ) (700.631958 384 512 ) 
3 177 180 (0 384 512 ) (0 768 512 ) (131.367996 768 512 ) 
4 177 178 (0 768 512 ) (0 1024 512 ) (1024 1024 512 ) (1024 768 512 ) 
4 177 187 (1024 0 512 ) (0 0 512 ) (0 384 512 ) (1024 384 512 ) 
4 178 205 (0 768 512 ) (0 1024 512 ) (0 1024 192 ) (0 768 192 ) 
4 178 183 (0 768 192 ) (96 768 192 ) (96 768 447 ) (0 768 447 ) 
4 178 182 (96 768 448 ) (0 768 448 ) (0 768 447 ) (96 768 447 ) 
4 178 180 (131.367981 768 512 ) (0 768 512 ) (0 768 448 ) (131.367996 768 448 ) 
4 180 205 (0 384 512 ) (0 768 512 ) (0 768 448 ) (0 384 448 ) 
3 180 184 (0 384 448 ) (0 576 448 ) (28.971399 576 448 ) 
4 180 182 (0 768 448 ) (96 768 448 ) (48 576 448 ) (0 576 448 ) 
4 181 185 (896 576 448 ) (896 384 448 ) (700.631958 384 448 ) (766.315918 576 448 ) 
4 181 187 (896 384 448 ) (896 384 512 ) (700.631958 384 512 ) (700.631958 384 448 ) 
4 182 205 (0 768 448 ) (0 768 447 ) (0 576 447 ) (0 576 448 ) 
4 182 184 (28.971397 576 448 ) (0 576 448 ) (0 576 447 ) (28.971399 576 447 ) 
4 182 183 (48 576 447 ) (0 576 447 ) (0 768 447 ) (96 768 447 ) 
4 183 205 (0 768 447 ) (0 768 192 ) (0 576 192 ) (0 576 447 ) 
4 183 184 (0 576 192 ) (28.971399 576 192 ) (28.971397 576 447 ) (0 576 447 ) 
4 184 205 (0 576 192 ) (0 384 192 ) (0 384 448 ) (0 576 448 ) 
4 185 186 (766.315918 576 447 ) (896 576 447 ) (896 384 447 ) (700.631958 384 447 ) 
4 185 187 (896 384 447 ) (896 384 448 ) (700.631958 384 448 ) (700.631958 384 447 ) 
4 186 187 (309.028992 384 192 ) (896 384 192 ) (896 384 447 ) (309.028992 384 447 ) 
4 187 205 (0 0 192 ) (0 0 512 ) (0 384 512 ) (0 384 192 ) 
4 187 194 (0 0 512 ) (0 0 192 ) (1024 0 192 ) (1024 0 512 ) 
4 188 192 (2048 0 992 ) (2048 0 512 ) (2048 -112 512 ) (2048 -112 992 ) 
4 188 191 (2048 0 5154.129883 ) (2048 0 992 ) (2048 -112 992 ) (2048 -112 5154.129883 ) 
4 188 190 (3072 -112 992 ) (3072 -112 5154.129883 ) (2048 -112 5154.129883 ) (2048 -112 992 ) 
4 188 189 (2112 -112 512 ) (2048 -112 512 ) (2048 0 512 ) (2112 0 512 ) 
4 189 192 (2048 0 512 ) (2048 0 192 ) (2048 -112 192 ) (2048 -112 512 ) 
4 190 191 (2048 -199.111008 992 ) (2048 -199.111008 5154.129883 ) (2048 -112 5154.129883 ) (2048 -112 992 ) 
4 191 193 (1024 0 5154.129883 ) (1024 0 992 ) (1024 -199.111008 992 ) (1024 -199.111008 5154.129883 ) 
4 191 192 (1024 -112 992 ) (1024 0 992 ) (2048 0 992 ) (2048 -112 992 ) 
4 192 194 (1024 0 992 ) (1024 0 192 ) (1024 -112 192 ) (1024 -112 992 ) 
4 193 212 (0 -199.111008 992 ) (0 -199.111008 5154.129883 ) (0 0 5154.129883 ) (0 0 992 ) 
4 193 194 (0 -112 992 ) (0 0 992 ) (1024 0 992 ) (1024 -112 992 ) 
4 194 213 (0 -112 192 ) (0 -112 992 ) (0 0 992 ) (0 0 192 ) 
4 195 197 (0 2048 192 ) (0 2048 5154.129883 ) (-1024 2048 5154.129883 ) (-1024 2048 192 ) 
4 195 196 (-1024 3072 5154.129883 ) (-1024 3072 192 ) (-1024 2048 192 ) (-1024 2048 5154.129883 ) 
4 196 201 (-2048 3072 5154.129883 ) (-2048 3072 192 ) (-2048 2048 192 ) (-2048 2048 5154.129883 ) 
4 196 200 (-1024 2048 192 ) (-1024 2048 512 ) (-1146.641602 2048 512 ) (-1146.641602 2048 192 ) 
4 196 199 (-1146.641602 2048 512 ) (-2048 2048 512 ) (-2048 2048 192 ) (-1146.641602 2048 192 ) 
4 196 198 (-1024 2048 512 ) (-1024 2048 5154.129883 ) (-2048 2048 5154.129883 ) (-2048 2048 512 ) 
4 197 206 (-640 1024 512 ) (-1024 1024 512 ) (-1024 1024 192 ) (-640 1024 192 ) 
4 197 205 (0 1024 192 ) (0 1024 512 ) (-640 1024 512 ) (-640 1024 192 ) 
4 197 204 (0 1024 512 ) (0 1024 5154.129883 ) (-1024 1024 5154.129883 ) (-1024 1024 512 ) 
4 197 200 (-1024 2048 512 ) (-1024 2048 192 ) (-1024 1024 192 ) (-1024 1024 512 ) 
4 197 198 (-1024 2048 5154.129883 ) (-1024 2048 512 ) (-1024 1024 512 ) (-1024 1024 5154.129883 ) 
4 198 207 (-1024 1024 512 ) (-1024 1024 5154.129883 ) (-2048 1024 5154.129883 ) (-2048 1024 512 ) 
4 198 202 (-2048 1024 512 ) (-2048 1024 5154.129883 ) (-2048 2048 5154.129883 ) (-2048 2048 512 ) 
5 198 200 (-1024 1024 512 ) (-1852.557129 1024 512 ) (-2022.889893 1151.169922 512 ) (-1146.641602 2048 512 ) (-1024 2048 512 ) 
3 198 199 (-2048 1125.470093 512 ) (-2048 2048 512 ) (-1146.641602 2048 512 ) 
4 199 203 (-2048 1125.470093 512 ) (-2048 2048 512 ) (-2048 2048 192 ) (-2048 1125.470215 192 ) 
4 199 200 (-2022.891602 1151.171265 192 ) (-1146.642944 2048 192 ) (-1146.639038 2048 512 ) (-2022.888550 1151.168945 512 ) 
4 200 208 (-1024 1024 192 ) (-1024 1024 512 ) (-1852.557129 1024 512 ) (-1852.557007 1024 192 ) 
4 201 203 (-2048 2048 192 ) (-2048 2048 512 ) (-2160.949951 2048 512 ) (-2160.949951 2048 192 ) 
4 201 202 (-2048 2048 512 ) (-2048 2048 5154.129883 ) (-2160.949951 2048 5154.129883 ) (-2160.949951 2048 512 ) 
4 202 219 (-2048 1024 512 ) (-2048 1024 5154.129883 ) (-2160.949951 1024 5154.129883 ) (-2160.949951 1024 512 ) 
5 202 203 (-2147.141602 1024 512 ) (-2160.949951 1024 512 ) (-2160.949951 2048 512 ) (-2048 2048 512 ) (-2048 1125.470215 512 ) 
4 203 220 (-2147.141602 1024 512 ) (-2160.949951 1024 512 ) (-2160.949951 1024 192 ) (-2147.141602 1024 192 ) 
4 204 214 (-640 0 992 ) (-1024 0 992 ) (-1024 0 512 ) (-640 0 512 ) 
4 204 213 (0 0 512 ) (0 0 992 ) (-640 0 992 ) (-640 0 512 ) 
4 204 212 (0 0 992 ) (0 0 5154.129883 ) (-1024 0 5154.129883 ) (-1024 0 992 ) 
4 204 207 (-1024 1024 5154.129883 ) (-1024 1024 512 ) (-1024 0 512 ) (-1024 0 5154.129883 ) 
4 204 206 (-1024 520 512 ) (-1024 1024 512 ) (-640 1024 512 ) (-640 520 512 ) 
4 204 205 (-640 1024 512 ) (0 1024 512 ) (0 0 512 ) (-640 0 512 ) 
4 205 213 (0 0 192 ) (0 0 512 ) (-640 0 512 ) (-640 0 192 ) 
4 205 206 (-640 1024 192 ) (-640 520 192 ) (-640 520 512 ) (-640 1024 512 ) 
4 206 208 (-1024 1024 512 ) (-1024 1024 192 ) (-1024 520 192 ) (-1024 520 512 ) 
4 207 219 (-2048 1024 5154.129883 ) (-2048 1024 512 ) (-2048 0 512 ) (-2048 0 5154.129883 ) 
4 207 215 (-1024 0 512 ) (-1024 0 5154.129883 ) (-2048 0 5154.129883 ) (-2048 0 512 ) 
3 207 211 (-1177.493774 520 512 ) (-1168 520 512 ) (-1168 512.911926 512 ) 
3 207 210 (-1168 0 512 ) (-1669.134277 0 512 ) (-1168 512.911926 512 ) 
3 207 209 (-1891.515381 0 512 ) (-2048 0 512 ) (-2048 116.829201 512 ) 
4 207 208 (-1852.557007 1024 512 ) (-1024 1024 512 ) (-1024 520 512 ) (-1177.493774 520 512 ) 
4 208 211 (-1177.493652 520 192 ) (-1168 520 192 ) (-1168 520 512 ) (-1177.493774 520 512 ) 
4 209 221 (-2048 116.829193 192 ) (-2048 0 192 ) (-2048 0 512 ) (-2048 116.829201 512 ) 
4 209 218 (-1891.515381 0 512 ) (-2048 0 512 ) (-2048 0 192 ) (-1891.515259 0 192 ) 
4 210 217 (-1168 0 512 ) (-1669.134277 0 512 ) (-1669.134399 0 192 ) (-1168 0 192 ) 
4 212 216 (-1024 -199.111008 992 ) (-1024 -199.111008 5154.129883 ) (-1024 -112 5154.129883 ) (-1024 -112 992 ) 
4 212 215 (-1024 -112 5154.129883 ) (-1024 0 5154.129883 ) (-1024 0 992 ) (-1024 -112 992 ) 
4 212 214 (-1024 -112 992 ) (-1024 0 992 ) (-640 0 992 ) (-640 -112 992 ) 
4 212 213 (-640 -112 992 ) (-640 0 992 ) (0 0 992 ) (0 -112 992 ) 
4 213 214 (-640 -112 512 ) (-640 -112 992 ) (-640 0 992 ) (-640 0 512 ) 
4 214 215 (-1024 -112 512 ) (-1024 -112 992 ) (-1024 0 992 ) (-1024 0 512 ) 
4 215 223 (-2048 0 992 ) (-2048 0 512 ) (-2048 -112 512 ) (-2048 -112 992 ) 
4 215 222 (-2048 -112 5154.129883 ) (-2048 0 5154.129883 ) (-2048 0 992 ) (-2048 -112 992 ) 
5 215 218 (-2048 -112 512 ) (-2048 0 512 ) (-1891.515259 0 512 ) (-1762.929932 -96 512 ) (-1778.562622 -112 512 ) 
4 215 217 (-1669.134277 0 512 ) (-1168 0 512 ) (-1168 -112 512 ) (-1778.562622 -112 512 ) 
4 215 216 (-1024 -112 992 ) (-1024 -112 5154.129883 ) (-2048 -112 5154.129883 ) (-2048 -112 992 ) 
4 216 222 (-2048 -199.111008 992 ) (-2048 -199.111008 5154.129883 ) (-2048 -112 5154.129883 ) (-2048 -112 992 ) 
4 217 218 (-1762.929932 -96 192 ) (-1778.562500 -112 192 ) (-1778.562500 -112 512 ) (-1762.929932 -96 512 ) 
4 218 223 (-2048 -112 512 ) (-2048 0 512 ) (-2048 0 192 ) (-2048 -112 192 ) 
4 219 223 (-2048 0 512 ) (-2048 0 992 ) (-2160.949951 0 992 ) (-2160.949951 0 512 ) 
4 219 222 (-2048 0 992 ) (-2048 0 5154.129883 ) (-2160.949951 0 5154.129883 ) (-2160.949951 0 992 ) 
4 219 221 (-2048 116.829224 512 ) (-2048 0 512 ) (-2160.949951 0 512 ) (-2160.949951 201.155991 512 ) 
3 219 220 (-2160.949951 1024 512 ) (-2147.141602 1024 512 ) (-2160.949951 1009.867249 512 ) 
4 221 223 (-2048 0 192 ) (-2048 0 512 ) (-2160.949951 0 512 ) (-2160.949951 0 192 ) 
4 222 223 (-2160.949951 -112 992 ) (-2160.949951 0 992 ) (-2048 0 992 ) (-2048 -112 992 ) 
