


materialPath: C:\Program Files (x86)\Steam\steamapps\common\Counter-Strike Global Offensive\csgo\materials
Loading c:\users\plopkoeken\documents\github\de_stifle\de_stifle.vmf
Map revision 64
fixing up env_cubemap materials on brush sides...
0...1...2...3...4...5...6...7...8...9...100...1...2...3...4...5...6...7...8...9...10Processing areas...done (0)
Building Faces...done (0)
FixTjuncs...
PruneNodes...
WriteBSP...
done (0)
writing c:\users\plopkoeken\documents\github\de_stifle\de_stifle.prt...Building visibility clusters...
done (0)
Finding displacement neighbors...
Finding lightmap sample positions...
Displacement Alpha : 0...1...2...3...4...5...6...7...8...9...10
Building Physics collision data...
done (0) (14943 bytes)
Placing detail props : 0...1...2...3...4...5...6...7...8...9...10
Compacting texture/material tables...
Reduced 50 texinfos to 41
Reduced 6 texdatas to 6 (138 bytes to 138)
Writing c:\users\plopkoeken\documents\github\de_stifle\de_stifle.bsp
1 second elapsed



2 threads
reading c:\users\plopkoeken\documents\github\de_stifle\de_stifle.bsp
reading c:\users\plopkoeken\documents\github\de_stifle\de_stifle.prt
 208 portalclusters
 468 numportals
0...1...2...3...4...5...6...7...8...9...10Optimized: 186 visible clusters (0.00%)
Total clusters visible: 40598
Average clusters visible: 195
Building PAS...
Average clusters audible: 202
visdatasize:12379  compressed from 13312
writing c:\users\plopkoeken\documents\github\de_stifle\de_stifle.bsp
0 seconds elapsed



[Reading texlights from 'lights.rad']
[17 texlights parsed from 'lights.rad']

Loading c:\users\plopkoeken\documents\github\de_stifle\de_stifle.bsp
1228 faces
2256458 square feet [324930016.00 square inches]
0 Displacements
0 Square Feet [0.00 Square Inches]
1228 patches before subdivision
65680 patches after subdivision
3 direct lights
0...1...2...3...4...5...6...7...8...9...100...1...2...3...4...5...6...7...8...9...10transfers 6777425, max 928
transfer lists:  51.7 megs
0...1...2...3...4...5...6...7...8...9...10	Bounce #1 added RGB(144875, 44064, 5076)
0...1...2...3...4...5...6...7...8...9...10	Bounce #2 added RGB(21302, 2663, 14)
Build Patch/Sample Hash Table(s).....Done<0.0302 sec>
0...1...2...3...4...5...6...7...8...9...10FinalLightFace Done
0 of 0 (0% of) surface lights went in leaf ambient cubes.
0...1...2...3...4...5...6...7...8...9...10Writing leaf ambient...done
Ready to Finish

Object names       Objects/Maxobjs  Memory / Maxmem  Fullness 
------------       ---------------  ---------------  -------- 
models                   2/1024           96/49152    ( 0.2%) 
brushes                 40/8192          480/98304    ( 0.5%) 
brushsides             273/65536        2184/524288   ( 0.4%) 
planes                 312/65536        6240/1310720  ( 0.5%) 
vertexes              1542/65536       18504/786432   ( 2.4%) 
nodes                  569/65536       18208/2097152  ( 0.9%) 
texinfos                41/12288        2952/884736   ( 0.3%) 
texdata                  6/2048          192/65536    ( 0.3%) 
dispinfos                0/0               0/0        ( 0.0%) 
disp_verts               0/0               0/0        ( 0.0%) 
disp_tris                0/0               0/0        ( 0.0%) 
disp_multiblend          0/0               0/0        ( 0.0%) 
disp_lmsamples           0/0               0/0        ( 0.0%) 
faces                 1228/65536       68768/3670016  ( 1.9%) 
hdr faces                0/65536           0/3670016  ( 0.0%) 
origfaces              105/65536        5880/3670016  ( 0.2%) 
facebrushes             44/0              88/0        ( 0.0%) 
facebrushlists        1228/0            4912/0        ( 0.0%) 
leaves                 572/65536       18304/2097152  ( 0.9%) 
leaffaces             1276/65536        2552/131072   ( 1.9%) 
leafbrushes            563/65536        1126/131072   ( 0.9%) 
areas                    3/1024           24/8192     ( 0.3%) 
surfedges             5728/512000      22912/2048000  ( 1.1%) 
edges                 2960/256000      11840/1024000  ( 1.2%) 
LDR worldlights          3/8192          300/819200   ( 0.0%) 
HDR worldlights          0/8192            0/819200   ( 0.0%) 
leafwaterdata            0/32768           0/393216   ( 0.0%) 
waterstrips             49/32768         490/327680   ( 0.1%) 
waterverts               0/65536           0/786432   ( 0.0%) 
waterindices           618/65536        1236/131072   ( 0.9%) 
cubemapsamples           0/1024            0/16384    ( 0.0%) 
overlays                 0/1024            0/360448   ( 0.0%) 
LDR lightdata         [variable]     3528840/0        ( 0.0%) 
HDR lightdata         [variable]           0/0        ( 0.0%) 
visdata               [variable]       12379/16777216 ( 0.1%) 
entdata               [variable]         934/393216   ( 0.2%) 
LDR ambient table      572/65536        2288/262144   ( 0.9%) 
HDR ambient table      572/65536        2288/262144   ( 0.9%) 
LDR leaf ambient      2866/65536       80248/1835008  ( 4.4%) 
HDR leaf ambient       572/65536       16016/1835008  ( 0.9%) 
occluders                0/0               0/0        ( 0.0%) 
occluder polygons        0/0               0/0        ( 0.0%) 
occluder vert ind        0/0               0/0        ( 0.0%) 
detail props          [variable]           1/12       ( 8.3%) 
static props          [variable]           1/12       ( 8.3%) 
pakfile               [variable]       74434/0        ( 0.0%) 
physics               [variable]       14943/4194304  ( 0.4%) 
physics terrain       [variable]           2/1048576  ( 0.0%) 

Level flags = 7c

Total triangle count: 2852
Writing c:\users\plopkoeken\documents\github\de_stifle\de_stifle.bsp
15 seconds elapsed



materialPath: C:\Program Files (x86)\Steam\steamapps\common\Counter-Strike Global Offensive\csgo\materials
Loading c:\users\plopkoeken\documents\github\de_stifle\de_stifle.vmf
Map revision 66
fixing up env_cubemap materials on brush sides...
0...1...2...3...4...5...6...7...8...9...100...1...2...3...4...5...6...7...8...9...10Processing areas...done (0)
Building Faces...done (0)
FixTjuncs...
PruneNodes...
WriteBSP...
done (0)
writing c:\users\plopkoeken\documents\github\de_stifle\de_stifle.prt...Building visibility clusters...
done (0)
Finding displacement neighbors...
Finding lightmap sample positions...
Displacement Alpha : 0...1...2...3...4...5...6...7...8...9...10
Building Physics collision data...
done (0) (16919 bytes)
Placing detail props : 0...1...2...3...4...5...6...7...8...9...10
Compacting texture/material tables...
Reduced 54 texinfos to 46
Reduced 6 texdatas to 6 (138 bytes to 138)
Writing c:\users\plopkoeken\documents\github\de_stifle\de_stifle.bsp
0 seconds elapsed



2 threads
reading c:\users\plopkoeken\documents\github\de_stifle\de_stifle.bsp
reading c:\users\plopkoeken\documents\github\de_stifle\de_stifle.prt
 224 portalclusters
 507 numportals
0...1...2...3...4...5...6...7...8...9...100...1...2...3...4...5...6...7...8...9...10Optimized: 9 visible clusters (0.00%)
Total clusters visible: 43771
Average clusters visible: 195
Building PAS...
Average clusters audible: 218
visdatasize:14194  compressed from 14336
writing c:\users\plopkoeken\documents\github\de_stifle\de_stifle.bsp
0 seconds elapsed



[Reading texlights from 'lights.rad']
[17 texlights parsed from 'lights.rad']

Loading c:\users\plopkoeken\documents\github\de_stifle\de_stifle.bsp
1278 faces
2258121 square feet [325169536.00 square inches]
0 Displacements
0 Square Feet [0.00 Square Inches]
1278 patches before subdivision
65850 patches after subdivision
3 direct lights
0...1...2...3...4...5...6...7...8...9...100...1...2...3...4...5...6...7...8...9...10transfers 6850932, max 944
transfer lists:  52.3 megs
0...1...2...3...4...5...6...7...8...9...10	Bounce #1 added RGB(149287, 45300, 5083)
0...1...2...3...4...5...6...7...8...9...10	Bounce #2 added RGB(21903, 2733, 14)
0...1...2...3...4...5...6...7...8...9...10	Bounce #3 added RGB(5529, 237, 0)
0...1...2...3...4...5...6...7...8...9...10	Bounce #4 added RGB(1746, 21, 0)
0...1...2...3...4...5...6...7...8...9...10	Bounce #5 added RGB(581, 2, 0)
0...1...2...3...4...5...6...7...8...9...10	Bounce #6 added RGB(272, 0, 0)
0...1...2...3...4...5...6...7...8...9...10	Bounce #7 added RGB(109, 0, 0)
0...1...2...3...4...5...6...7...8...9...10	Bounce #8 added RGB(59, 0, 0)
0...1...2...3...4...5...6...7...8...9...10	Bounce #9 added RGB(26, 0, 0)
0...1...2...3...4...5...6...7...8...9...10	Bounce #10 added RGB(15, 0, 0)
0...1...2...3...4...5...6...7...8...9...10	Bounce #11 added RGB(7, 0, 0)
0...1...2...3...4...5...6...7...8...9...10	Bounce #12 added RGB(4, 0, 0)
0...1...2...3...4...5...6...7...8...9...10	Bounce #13 added RGB(2, 0, 0)
0...1...2...3...4...5...6...7...8...9...10	Bounce #14 added RGB(1, 0, 0)
Build Patch/Sample Hash Table(s).....Done<0.0296 sec>
0...1...2...3...4...5...6...7...8...9...10FinalLightFace Done
0 of 0 (0% of) surface lights went in leaf ambient cubes.
0...1...2...3...4...5...6...7...8...9...10Writing leaf ambient...done
Ready to Finish

Object names       Objects/Maxobjs  Memory / Maxmem  Fullness 
------------       ---------------  ---------------  -------- 
models                   2/1024           96/49152    ( 0.2%) 
brushes                 45/8192          540/98304    ( 0.5%) 
brushsides             303/65536        2424/524288   ( 0.5%) 
planes                 340/65536        6800/1310720  ( 0.5%) 
vertexes              1637/65536       19644/786432   ( 2.5%) 
nodes                  608/65536       19456/2097152  ( 0.9%) 
texinfos                46/12288        3312/884736   ( 0.4%) 
texdata                  6/2048          192/65536    ( 0.3%) 
dispinfos                0/0               0/0        ( 0.0%) 
disp_verts               0/0               0/0        ( 0.0%) 
disp_tris                0/0               0/0        ( 0.0%) 
disp_multiblend          0/0               0/0        ( 0.0%) 
disp_lmsamples           0/0               0/0        ( 0.0%) 
faces                 1278/65536       71568/3670016  ( 2.0%) 
hdr faces             1278/65536       71568/3670016  ( 2.0%) 
origfaces              128/65536        7168/3670016  ( 0.2%) 
facebrushes             48/0              96/0        ( 0.0%) 
facebrushlists        1278/0            5112/0        ( 0.0%) 
leaves                 611/65536       19552/2097152  ( 0.9%) 
leaffaces             1333/65536        2666/131072   ( 2.0%) 
leafbrushes            592/65536        1184/131072   ( 0.9%) 
areas                    3/1024           24/8192     ( 0.3%) 
surfedges             6075/512000      24300/2048000  ( 1.2%) 
edges                 3148/256000      12592/1024000  ( 1.2%) 
LDR worldlights          0/8192            0/819200   ( 0.0%) 
HDR worldlights          3/8192          300/819200   ( 0.0%) 
leafwaterdata            0/32768           0/393216   ( 0.0%) 
waterstrips             58/32768         580/327680   ( 0.2%) 
waterverts               0/65536           0/786432   ( 0.0%) 
waterindices           744/65536        1488/131072   ( 1.1%) 
cubemapsamples           0/1024            0/16384    ( 0.0%) 
overlays                 0/1024            0/360448   ( 0.0%) 
LDR lightdata         [variable]           0/0        ( 0.0%) 
HDR lightdata         [variable]     3537784/0        ( 0.0%) 
visdata               [variable]       14194/16777216 ( 0.1%) 
entdata               [variable]        1600/393216   ( 0.4%) 
LDR ambient table      611/65536        2444/262144   ( 0.9%) 
HDR ambient table      611/65536        2444/262144   ( 0.9%) 
LDR leaf ambient       611/65536       17108/1835008  ( 0.9%) 
HDR leaf ambient      2985/65536       83580/1835008  ( 4.6%) 
occluders                0/0               0/0        ( 0.0%) 
occluder polygons        0/0               0/0        ( 0.0%) 
occluder vert ind        0/0               0/0        ( 0.0%) 
detail props          [variable]           1/12       ( 8.3%) 
static props          [variable]           1/12       ( 8.3%) 
pakfile               [variable]       74434/0        ( 0.0%) 
physics               [variable]       16919/4194304  ( 0.4%) 
physics terrain       [variable]           2/1048576  ( 0.0%) 

Level flags = 7e

Total triangle count: 3007
Writing c:\users\plopkoeken\documents\github\de_stifle\de_stifle.bsp
16 seconds elapsed
